<?xml version="1.0" encoding="UTF-8"?>
<!-- Generated by org.testng.reporters.JUnitXMLReporter -->
<testsuite ignored="0" hostname="DESKTOP-FAIQAUP" failures="0" tests="4" name="Default test" time="1528.148" errors="0" timestamp="2023-04-24T11:39:41 CDT">
  <testcase classname="ScrapeRecipes.scrapeTarlaDalal" name="search_for_recipes_pcos" time="386.27"/>
  <testcase classname="ScrapeRecipes.scrapeTarlaDalal" name="search_for_recipes_hypothyroidism" time="370.372"/>
  <testcase classname="ScrapeRecipes.scrapeTarlaDalal" name="search_for_recipes_hypertension" time="377.745"/>
  <testcase classname="ScrapeRecipes.scrapeTarlaDalal" name="search_for_recipes_diabetes" time="386.234"/>
</testsuite> <!-- Default test -->
