<?xml version="1.0" encoding="UTF-8"?>
<!-- Generated by org.testng.reporters.JUnitXMLReporter -->
<testsuite ignored="0" hostname="Jagadeeshs-MacBook-Air.local" failures="0" tests="3" name="Default test" time="415.918" errors="0" timestamp="2023-04-22T22:58:39 CDT">
  <testcase classname="scraping.HyperTension" name="LaunchBrowser" time="4.919"/>
  <testcase classname="scraping.HyperTension" name="recipes_search" time="22.02"/>
  <testcase classname="scraping.HyperTension" name="ScrapeRecipes_HyperTension" time="388.825"/>
</testsuite> <!-- Default test -->
