<?xml version="1.0" encoding="UTF-8"?>
<testng-results ignored="0" total="3" passed="2" failed="1" skipped="0">
  <reporter-output>
  </reporter-output>
  <suite started-at="2023-04-25T10:26:02 CDT" name="Default suite" finished-at="2023-04-25T10:26:44 CDT" duration-ms="42037">
    <groups>
    </groups>
    <test started-at="2023-04-25T10:26:02 CDT" name="Default test" finished-at="2023-04-25T10:26:44 CDT" duration-ms="42037">
      <class name="scraping.HyperTension">
        <test-method signature="LaunchBrowser()[pri:1, instance:scraping.HyperTension@30d25c03]" started-at="2023-04-25T10:26:02 CDT" name="LaunchBrowser" finished-at="2023-04-25T10:26:06 CDT" duration-ms="3696" status="PASS">
          <reporter-output>
          </reporter-output>
        </test-method> <!-- LaunchBrowser -->
        <test-method signature="recipes_search()[pri:2, instance:scraping.HyperTension@30d25c03]" started-at="2023-04-25T10:26:06 CDT" name="recipes_search" finished-at="2023-04-25T10:26:22 CDT" duration-ms="15509" status="PASS">
          <reporter-output>
          </reporter-output>
        </test-method> <!-- recipes_search -->
        <test-method signature="ScrapeRecipes_HyperTension()[pri:3, instance:scraping.HyperTension@30d25c03]" started-at="2023-04-25T10:26:22 CDT" name="ScrapeRecipes_HyperTension" finished-at="2023-04-25T10:26:44 CDT" duration-ms="22698" status="FAIL">
          <exception class="java.lang.NullPointerException">
            <message>
              <![CDATA[Cannot invoke "String.contains(java.lang.CharSequence)" because "scraping.HyperTension.Allergy_Name" is null]]>
            </message>
            <full-stacktrace>
              <![CDATA[java.lang.NullPointerException: Cannot invoke "String.contains(java.lang.CharSequence)" because "scraping.HyperTension.Allergy_Name" is null
at scraping.HyperTension.ScrapeRecipes_HyperTension(HyperTension.java:230)
at java.base/jdk.internal.reflect.DirectMethodHandleAccessor.invoke(DirectMethodHandleAccessor.java:104)
at java.base/java.lang.reflect.Method.invoke(Method.java:578)
at org.testng.internal.invokers.MethodInvocationHelper.invokeMethod(MethodInvocationHelper.java:139)
at org.testng.internal.invokers.TestInvoker.invokeMethod(TestInvoker.java:677)
at org.testng.internal.invokers.TestInvoker.invokeTestMethod(TestInvoker.java:221)
at org.testng.internal.invokers.MethodRunner.runInSequence(MethodRunner.java:50)
at org.testng.internal.invokers.TestInvoker$MethodInvocationAgent.invoke(TestInvoker.java:969)
at org.testng.internal.invokers.TestInvoker.invokeTestMethods(TestInvoker.java:194)
at org.testng.internal.invokers.TestMethodWorker.invokeTestMethods(TestMethodWorker.java:148)
at org.testng.internal.invokers.TestMethodWorker.run(TestMethodWorker.java:128)
at java.base/java.util.ArrayList.forEach(ArrayList.java:1511)
at org.testng.TestRunner.privateRun(TestRunner.java:829)
at org.testng.TestRunner.run(TestRunner.java:602)
at org.testng.SuiteRunner.runTest(SuiteRunner.java:437)
at org.testng.SuiteRunner.runSequentially(SuiteRunner.java:431)
at org.testng.SuiteRunner.privateRun(SuiteRunner.java:391)
at org.testng.SuiteRunner.run(SuiteRunner.java:330)
at org.testng.SuiteRunnerWorker.runSuite(SuiteRunnerWorker.java:52)
at org.testng.SuiteRunnerWorker.run(SuiteRunnerWorker.java:95)
at org.testng.TestNG.runSuitesSequentially(TestNG.java:1256)
at org.testng.TestNG.runSuitesLocally(TestNG.java:1176)
at org.testng.TestNG.runSuites(TestNG.java:1099)
at org.testng.TestNG.run(TestNG.java:1067)
at org.testng.remote.AbstractRemoteTestNG.run(AbstractRemoteTestNG.java:115)
at org.testng.remote.RemoteTestNG.initAndRun(RemoteTestNG.java:251)
at org.testng.remote.RemoteTestNG.main(RemoteTestNG.java:77)
]]>
            </full-stacktrace>
          </exception> <!-- java.lang.NullPointerException -->
          <reporter-output>
          </reporter-output>
        </test-method> <!-- ScrapeRecipes_HyperTension -->
      </class> <!-- scraping.HyperTension -->
    </test> <!-- Default test -->
  </suite> <!-- Default suite -->
</testng-results>
